<?xml version="1.0" encoding="UTF-8"?>
<!-- Generated by org.testng.reporters.JUnitXMLReporter -->
<testsuite ignored="0" hostname="LAPTOP-J9KR8E39" failures="1" tests="1" name="Test" time="47.253" errors="0" timestamp="2022-10-07T16:42:45 IST">
  <testcase classname="testNG.CreateOrganizationTestNG" name="createOrganizationTestNG" time="20.889">
    <failure type="java.lang.AssertionError" message="expected [false] but found [true]">
      <![CDATA[java.lang.AssertionError: expected [false] but found [true]
at testNG.CreateOrganizationTestNG.createOrganizationTestNG(CreateOrganizationTestNG.java:54)
at java.base/java.util.ArrayList.forEach(ArrayList.java:1511)
... Removed 33 stack frames]]>
    </failure>
  </testcase> <!-- createOrganizationTestNG -->
</testsuite> <!-- Test -->
